12-05 14:02:58 org.springframework.boot.StartupInfoLogger.logStarting(StartupInfoLogger.java:48)  Starting SmsApplication on DESKTOP-AEV7S64 with PID 137920 (D:\PBWork\mapmatching\anfu_sms\target\classes started by Peng Bo in D:\PBWork\mapmatching\anfu_sms)
12-05 14:02:58 org.springframework.boot.SpringApplication.logStartupProfileInfo(SpringApplication.java:593)  No active profile set, falling back to default profiles: default
12-05 14:02:58 org.springframework.context.support.AbstractApplicationContext.prepareRefresh(AbstractApplicationContext.java:583)  Refreshing org.springframework.boot.context.embedded.AnnotationConfigEmbeddedWebApplicationContext@5c072e3f: startup date [Wed Dec 05 14:02:58 CST 2018]; root of context hierarchy
12-05 14:02:59 org.hibernate.validator.internal.util.Version.<clinit>(Version.java:30)  HV000001: Hibernate Validator 5.3.5.Final
12-05 14:03:01 org.springframework.boot.context.embedded.tomcat.TomcatEmbeddedServletContainer.initialize(TomcatEmbeddedServletContainer.java:89)  Tomcat initialized with port(s): 8090 (http)
12-05 14:03:02 org.springframework.boot.context.embedded.EmbeddedWebApplicationContext.prepareEmbeddedWebApplicationContext(EmbeddedWebApplicationContext.java:276)  Root WebApplicationContext: initialization completed in 3277 ms
12-05 14:03:02 org.springframework.boot.web.servlet.ServletRegistrationBean.onStartup(ServletRegistrationBean.java:190)  Mapping servlet: 'dispatcherServlet' to [/]
12-05 14:03:02 org.springframework.boot.web.servlet.AbstractFilterRegistrationBean.configure(AbstractFilterRegistrationBean.java:258)  Mapping filter: 'characterEncodingFilter' to: [/*]
12-05 14:03:02 org.springframework.boot.web.servlet.AbstractFilterRegistrationBean.configure(AbstractFilterRegistrationBean.java:258)  Mapping filter: 'hiddenHttpMethodFilter' to: [/*]
12-05 14:03:02 org.springframework.boot.web.servlet.AbstractFilterRegistrationBean.configure(AbstractFilterRegistrationBean.java:258)  Mapping filter: 'httpPutFormContentFilter' to: [/*]
12-05 14:03:02 org.springframework.boot.web.servlet.AbstractFilterRegistrationBean.configure(AbstractFilterRegistrationBean.java:258)  Mapping filter: 'requestContextFilter' to: [/*]
12-05 14:03:03 org.springframework.web.servlet.mvc.method.annotation.RequestMappingHandlerAdapter.initControllerAdviceCache(RequestMappingHandlerAdapter.java:534)  Looking for @ControllerAdvice: org.springframework.boot.context.embedded.AnnotationConfigEmbeddedWebApplicationContext@5c072e3f: startup date [Wed Dec 05 14:02:58 CST 2018]; root of context hierarchy
12-05 14:03:03 org.springframework.web.servlet.handler.AbstractHandlerMethodMapping$MappingRegistry.register(AbstractHandlerMethodMapping.java:543)  Mapped "{[/]}" onto java.lang.String com.anfu.SmsApplication.index()
12-05 14:03:03 org.springframework.web.servlet.handler.AbstractHandlerMethodMapping$MappingRegistry.register(AbstractHandlerMethodMapping.java:543)  Mapped "{[/error]}" onto public org.springframework.http.ResponseEntity<java.util.Map<java.lang.String, java.lang.Object>> org.springframework.boot.autoconfigure.web.BasicErrorController.error(javax.servlet.http.HttpServletRequest)
12-05 14:03:03 org.springframework.web.servlet.handler.AbstractHandlerMethodMapping$MappingRegistry.register(AbstractHandlerMethodMapping.java:543)  Mapped "{[/error],produces=[text/html]}" onto public org.springframework.web.servlet.ModelAndView org.springframework.boot.autoconfigure.web.BasicErrorController.errorHtml(javax.servlet.http.HttpServletRequest,javax.servlet.http.HttpServletResponse)
12-05 14:03:03 org.springframework.web.servlet.handler.AbstractUrlHandlerMapping.registerHandler(AbstractUrlHandlerMapping.java:362)  Mapped URL path [/webjars/**] onto handler of type [class org.springframework.web.servlet.resource.ResourceHttpRequestHandler]
12-05 14:03:03 org.springframework.web.servlet.handler.AbstractUrlHandlerMapping.registerHandler(AbstractUrlHandlerMapping.java:362)  Mapped URL path [/**] onto handler of type [class org.springframework.web.servlet.resource.ResourceHttpRequestHandler]
12-05 14:03:03 org.springframework.web.servlet.handler.AbstractUrlHandlerMapping.registerHandler(AbstractUrlHandlerMapping.java:362)  Mapped URL path [/**/favicon.ico] onto handler of type [class org.springframework.web.servlet.resource.ResourceHttpRequestHandler]
12-05 14:03:04 com.mongodb.diagnostics.logging.SLF4JLogger.info(SLF4JLogger.java:71)  Cluster created with settings {hosts=[192.168.31.97:27017], mode=SINGLE, requiredClusterType=UNKNOWN, serverSelectionTimeout='30000 ms', maxWaitQueueSize=500}
12-05 14:03:04 com.mongodb.diagnostics.logging.SLF4JLogger.info(SLF4JLogger.java:71)  Opened connection [connectionId{localValue:1, serverValue:65726}] to 192.168.31.97:27017
12-05 14:03:04 com.mongodb.diagnostics.logging.SLF4JLogger.info(SLF4JLogger.java:71)  Monitor thread successfully connected to server with description ServerDescription{address=192.168.31.97:27017, type=STANDALONE, state=CONNECTED, ok=true, version=ServerVersion{versionList=[3, 2, 19]}, minWireVersion=0, maxWireVersion=4, maxDocumentSize=16777216, roundTripTimeNanos=3662376}
12-05 14:03:05 org.springframework.jmx.export.MBeanExporter.afterSingletonsInstantiated(MBeanExporter.java:431)  Registering beans for JMX exposure on startup
12-05 14:03:05 org.springframework.boot.context.embedded.tomcat.TomcatEmbeddedServletContainer.start(TomcatEmbeddedServletContainer.java:201)  Tomcat started on port(s): 8090 (http)
12-05 14:03:05 org.springframework.boot.StartupInfoLogger.logStarted(StartupInfoLogger.java:57)  Started SmsApplication in 6.847 seconds (JVM running for 7.82)
12-05 16:18:06 org.springframework.boot.StartupInfoLogger.logStarting(StartupInfoLogger.java:48)  Starting SmsApplication on DESKTOP-AEV7S64 with PID 138080 (D:\PBWork\sms\target\classes started by Peng Bo in D:\PBWork\sms)
12-05 16:18:06 org.springframework.boot.SpringApplication.logStartupProfileInfo(SpringApplication.java:593)  No active profile set, falling back to default profiles: default
12-05 16:18:06 org.springframework.context.support.AbstractApplicationContext.prepareRefresh(AbstractApplicationContext.java:583)  Refreshing org.springframework.boot.context.embedded.AnnotationConfigEmbeddedWebApplicationContext@5c072e3f: startup date [Wed Dec 05 16:18:06 CST 2018]; root of context hierarchy
12-05 16:18:07 org.hibernate.validator.internal.util.Version.<clinit>(Version.java:30)  HV000001: Hibernate Validator 5.3.5.Final
12-05 16:18:09 org.springframework.boot.context.embedded.tomcat.TomcatEmbeddedServletContainer.initialize(TomcatEmbeddedServletContainer.java:89)  Tomcat initialized with port(s): 8090 (http)
12-05 16:18:09 org.springframework.boot.context.embedded.EmbeddedWebApplicationContext.prepareEmbeddedWebApplicationContext(EmbeddedWebApplicationContext.java:276)  Root WebApplicationContext: initialization completed in 3099 ms
12-05 16:18:09 org.springframework.boot.web.servlet.ServletRegistrationBean.onStartup(ServletRegistrationBean.java:190)  Mapping servlet: 'dispatcherServlet' to [/]
12-05 16:18:09 org.springframework.boot.web.servlet.AbstractFilterRegistrationBean.configure(AbstractFilterRegistrationBean.java:258)  Mapping filter: 'characterEncodingFilter' to: [/*]
12-05 16:18:09 org.springframework.boot.web.servlet.AbstractFilterRegistrationBean.configure(AbstractFilterRegistrationBean.java:258)  Mapping filter: 'hiddenHttpMethodFilter' to: [/*]
12-05 16:18:09 org.springframework.boot.web.servlet.AbstractFilterRegistrationBean.configure(AbstractFilterRegistrationBean.java:258)  Mapping filter: 'httpPutFormContentFilter' to: [/*]
12-05 16:18:09 org.springframework.boot.web.servlet.AbstractFilterRegistrationBean.configure(AbstractFilterRegistrationBean.java:258)  Mapping filter: 'requestContextFilter' to: [/*]
12-05 16:18:10 org.springframework.web.servlet.mvc.method.annotation.RequestMappingHandlerAdapter.initControllerAdviceCache(RequestMappingHandlerAdapter.java:534)  Looking for @ControllerAdvice: org.springframework.boot.context.embedded.AnnotationConfigEmbeddedWebApplicationContext@5c072e3f: startup date [Wed Dec 05 16:18:06 CST 2018]; root of context hierarchy
12-05 16:18:10 org.springframework.web.servlet.handler.AbstractHandlerMethodMapping$MappingRegistry.register(AbstractHandlerMethodMapping.java:543)  Mapped "{[/]}" onto java.lang.String com.anfu.SmsApplication.index()
12-05 16:18:10 org.springframework.web.servlet.handler.AbstractHandlerMethodMapping$MappingRegistry.register(AbstractHandlerMethodMapping.java:543)  Mapped "{[/error]}" onto public org.springframework.http.ResponseEntity<java.util.Map<java.lang.String, java.lang.Object>> org.springframework.boot.autoconfigure.web.BasicErrorController.error(javax.servlet.http.HttpServletRequest)
12-05 16:18:10 org.springframework.web.servlet.handler.AbstractHandlerMethodMapping$MappingRegistry.register(AbstractHandlerMethodMapping.java:543)  Mapped "{[/error],produces=[text/html]}" onto public org.springframework.web.servlet.ModelAndView org.springframework.boot.autoconfigure.web.BasicErrorController.errorHtml(javax.servlet.http.HttpServletRequest,javax.servlet.http.HttpServletResponse)
12-05 16:18:10 org.springframework.web.servlet.handler.AbstractUrlHandlerMapping.registerHandler(AbstractUrlHandlerMapping.java:362)  Mapped URL path [/webjars/**] onto handler of type [class org.springframework.web.servlet.resource.ResourceHttpRequestHandler]
12-05 16:18:10 org.springframework.web.servlet.handler.AbstractUrlHandlerMapping.registerHandler(AbstractUrlHandlerMapping.java:362)  Mapped URL path [/**] onto handler of type [class org.springframework.web.servlet.resource.ResourceHttpRequestHandler]
12-05 16:18:10 org.springframework.web.servlet.handler.AbstractUrlHandlerMapping.registerHandler(AbstractUrlHandlerMapping.java:362)  Mapped URL path [/**/favicon.ico] onto handler of type [class org.springframework.web.servlet.resource.ResourceHttpRequestHandler]
12-05 16:18:12 com.mongodb.diagnostics.logging.SLF4JLogger.info(SLF4JLogger.java:71)  Cluster created with settings {hosts=[192.168.31.97:27017], mode=SINGLE, requiredClusterType=UNKNOWN, serverSelectionTimeout='30000 ms', maxWaitQueueSize=500}
12-05 16:18:12 org.springframework.jmx.export.MBeanExporter.afterSingletonsInstantiated(MBeanExporter.java:431)  Registering beans for JMX exposure on startup
12-05 16:18:12 org.springframework.boot.context.embedded.tomcat.TomcatEmbeddedServletContainer.start(TomcatEmbeddedServletContainer.java:201)  Tomcat started on port(s): 8090 (http)
12-05 16:18:12 org.springframework.boot.StartupInfoLogger.logStarted(StartupInfoLogger.java:57)  Started SmsApplication in 6.957 seconds (JVM running for 7.977)
12-05 16:18:16 com.mongodb.diagnostics.logging.SLF4JLogger.info(SLF4JLogger.java:71)  Opened connection [connectionId{localValue:1, serverValue:65862}] to 192.168.31.97:27017
12-05 16:18:16 com.mongodb.diagnostics.logging.SLF4JLogger.info(SLF4JLogger.java:71)  Monitor thread successfully connected to server with description ServerDescription{address=192.168.31.97:27017, type=STANDALONE, state=CONNECTED, ok=true, version=ServerVersion{versionList=[3, 2, 19]}, minWireVersion=0, maxWireVersion=4, maxDocumentSize=16777216, roundTripTimeNanos=144071314}
12-05 16:18:28 org.springframework.web.servlet.FrameworkServlet.initServletBean(FrameworkServlet.java:489)  FrameworkServlet 'dispatcherServlet': initialization started
12-05 16:18:28 org.springframework.web.servlet.FrameworkServlet.initServletBean(FrameworkServlet.java:508)  FrameworkServlet 'dispatcherServlet': initialization completed in 44 ms
